<?xml version="1.0" encoding="UTF-8"?>
<!-- Generated by org.testng.reporters.JUnitReportReporter -->
<testsuite hostname="WKWEJ445770121" failures="0" tests="6" name="testRunner.CucumberRunner" time="0.287" errors="0" timestamp="2026-02-20T14:30:16 IST" skipped="0">
  <testcase classname="testRunner.CucumberRunner" name="runScenario" time="0.013"/>
  <testcase classname="testRunner.CucumberRunner" name="runScenario" time="0.021"/>
  <testcase classname="testRunner.CucumberRunner" name="runScenario" time="0.015"/>
  <testcase classname="testRunner.CucumberRunner" name="runScenario" time="0.013"/>
  <testcase classname="testRunner.CucumberRunner" name="runScenario" time="0.211"/>
  <testcase classname="testRunner.CucumberRunner" name="runScenario" time="0.014"/>
</testsuite> <!-- testRunner.CucumberRunner -->
